5523 .START phpCAS-1.3.2 ****************** [CAS.php:450]
5523 .=> phpCAS::client('2.0', 'authserver.yctu.edu.cn', 80, 'authserver', false) [teacherlogin.php:10]
5523 .|    => CAS_Client::__construct('2.0', false, 'authserver.yctu.edu.cn', 80, 'authserver', false, true) [CAS.php:347]
5523 .|    <= ''
5523 .<= ''
5523 .=> phpCAS::setNoCasServerValidation() [teacherlogin.php:14]
5523 .|    You have configured no validation of the legitimacy of the cas server. This is not recommended for production use. [CAS.php:1669]
5523 .<= ''
5523 .=> CAS_Client::handleLogoutRequests(true, false) [CAS.php:1299]
5523 .|    Not a logout request [Client.php:1471]
5523 .<= ''
5523 .=> phpCAS::forceAuthentication() [teacherlogin.php:16]
5523 .|    => CAS_Client::forceAuthentication() [CAS.php:1101]
5523 .|    |    => CAS_Client::isAuthenticated() [Client.php:1085]
5523 .|    |    |    => CAS_Client::_wasPreviouslyAuthenticated() [Client.php:1191]
5523 .|    |    |    |    no user found [Client.php:1377]
5523 .|    |    |    <= false
5523 .|    |    |    no ticket found [Client.php:1260]
5523 .|    |    <= false
5523 .|    |    => CAS_Client::redirectToCas(false) [Client.php:1094]
5523 .|    |    |    => CAS_Client::getServerLoginURL(false, false) [Client.php:1398]
5523 .|    |    |    |    => CAS_Client::getURL() [Client.php:329]
5523 .|    |    |    |    |    Final URI: http://127.0.0.1/teacherlogin [Client.php:3074]
5523 .|    |    |    |    <= 'http://127.0.0.1/teacherlogin'
5523 .|    |    |    <= 'http://authserver.yctu.edu.cn:80/authserver/login?service=http%3A%2F%2F127.0.0.1%2Fteacherlogin'
5523 .|    |    |    Redirect to : http://authserver.yctu.edu.cn:80/authserver/login?service=http%3A%2F%2F127.0.0.1%2Fteacherlogin [Client.php:1404]
5523 .|    |    |    exit()
5523 .|    |    |    -
5523 .|    |    -
5523 .|    -
